Start Test
load workbook: 'C:\Users\tarzonz\Desktop\演示工程A\一二工区计算表2018.1.1.xlsx'...
load finsihed.
观测点范围:
{'地表沉降': {'人衡区间折返线': (3, 31), '人衡TBM区间': (32, 129), '衡山路站': (130, 167)}, '孔深测斜': {'天目山路站': (3, 33)}}
共有3个区间:'['人衡区间折返线', '人衡TBM区间', '衡山路站']'

2018年1月1日日报:
###0. 读取模板'default_template.docx'###

###1. 报表首页###

###2. 监测数据分析表###
(3/3)'衡山路站数据分析表'
1个观测项目数据: ['地表沉降']
1/1'衡山路站地表沉降数据'
本次变化最大点:['DC07-04', 'DC15-07'],值:['-0.29', '-0.29']
本次累计最大点:['DC16-02'],值:['-9.19']
(3/3)'衡山路站数据分析表'完成


###3. 现场安全巡视表###
'衡山路站现场巡查报表'

###4. 沉降监测报表###
(3/3) '衡山路站沉降监测表'
1个观测项目:['地表沉降']
1/1'衡山路站地表沉降监测报表'
共7/7天有效观测数据
观测点数38，共分3组
'衡山路站地表沉降监测报表1/3'
DEBUG 开始画图
DEBUG save temped_fig.png
DEBUG 画图结束
DEBUG 图片插入成功 temped_fig.png
'衡山路站地表沉降监测报表2/3'
DEBUG 开始画图
DEBUG save temped_fig.png
DEBUG 画图结束
DEBUG 图片插入成功 temped_fig.png
'衡山路站地表沉降监测报表3/3'
DEBUG 开始画图
DEBUG save temped_fig.png
DEBUG 画图结束
DEBUG 图片插入成功 temped_fig.png
(3/3) '衡山路站沉降监测表'完成

日报生成结束!
saved in:'C:\Users\tarzonz\Desktop\演示工程A\demo1.docx'
'C:\Users\tarzonz\Desktop\演示工程A\demo1.docx' has been created
Done
